#
# A fatal error has been detected by the Java Runtime Environment:
#
#  EXCEPTION_ACCESS_VIOLATION (0xc0000005) at pc=0x000000005a133822, pid=3864, tid=0x000000000000515c
#
# JRE version: OpenJDK Runtime Environment (8.0_202-b03) (build 1.8.0_202-release-1483-b03)
# Java VM: OpenJDK 64-Bit Server VM (25.202-b03 mixed mode windows-amd64 compressed oops)
# Problematic frame:
# V  [jvm.dll+0x53822]
#
# Failed to write core dump. Minidumps are not enabled by default on client versions of Windows
#
# If you would like to submit a bug report, please visit:
#   http://bugreport.java.com/bugreport/crash.jsp
#

---------------  T H R E A D  ---------------

Current thread (0x0000000017fd1000):  JavaThread "C2 CompilerThread1" daemon [_thread_in_vm, id=20828, stack(0x00000000189b0000,0x0000000018ab0000)]

siginfo: ExceptionCode=0xc0000005, reading address 0xffffffffffffffff

Registers:
RAX=0x0000000002326470, RBX=0xff000000ff000000, RCX=0x000000000231f9a0, RDX=0x0000000000003787
RSP=0x0000000018aad040, RBP=0x0000000077d52cd8, RSI=0x0000000000000023, RDI=0x0000000000000002
R8 =0x000000001ece33f1, R9 =0x0000000000000023, R10=0x0000000018f85bc0, R11=0x000000001ece33f0
R12=0x0000000000000023, R13=0x000000001ece33f1, R14=0x000000000231f9a0, R15=0x000000001d8d7b20
RIP=0x000000005a133822, EFLAGS=0x0000000000010202

Top of Stack: (sp=0x0000000018aad040)
0x0000000018aad040:   0000000002351930 0000000002351760
0x0000000018aad050:   00000000161b7070 000000005a17b9cd
0x0000000018aad060:   0000000018aaf5e0 0000000017fd1000
0x0000000018aad070:   0000000000003787 000000005a134ed0
0x0000000018aad080:   0000000000000025 000000001ece33f1
0x0000000018aad090:   0000000000000023 0000000077d52cd8
0x0000000018aad0a0:   0000000077d52cd8 000000005a1f610c
0x0000000018aad0b0:   0000000018f85bc0 0000000017fd1000
0x0000000018aad0c0:   0000000000000027 0000000018aad308
0x0000000018aad0d0:   0000000018aad1b0 000000005a0ead2e
0x0000000018aad0e0:   0000000000000025 000000001a813230
0x0000000018aad0f0:   0000000017fd1000 0000000100011000
0x0000000018aad100:   000000010046ac98 000000005a103d9a
0x0000000018aad110:   000000001587a9b8 0000000017fd1000
0x0000000018aad120:   0000000018f85bc0 0000000017fd1000
0x0000000018aad130:   000000001de34030 000000005a0ff1a4 

Instructions: (pc=0x000000005a133822)
0x000000005a133802:   48 63 d2 33 ff 48 8b 1c d0 45 8b e1 4d 8b e8 4c
0x000000005a133812:   8b f1 48 85 db 74 4a 8b 6c 24 60 0f 1f 00 ff c7
0x000000005a133822:   39 2b 75 16 48 8b 73 10 45 8b c4 49 8b d5 48 8b
0x000000005a133832:   ce e8 28 27 0c 00 84 c0 75 48 48 8b 5b 08 48 83 


Register to memory mapping:

RAX=0x0000000002326470 is an unknown value
RBX=0xff000000ff000000 is an unknown value
RCX=0x000000000231f9a0 is an unknown value
RDX=0x0000000000003787 is an unknown value
RSP=0x0000000018aad040 is pointing into the stack for thread: 0x0000000017fd1000
RBP=0x0000000077d52cd8 is an unknown value
RSI=0x0000000000000023 is an unknown value
RDI=0x0000000000000002 is an unknown value
R8 =0x000000001ece33f1 is an unknown value
R9 =0x0000000000000023 is an unknown value
R10=0x0000000018f85bc0 is an unknown value
R11=0x000000001ece33f0 is an unknown value
R12=0x0000000000000023 is an unknown value
R13=0x000000001ece33f1 is an unknown value
R14=0x000000000231f9a0 is an unknown value
R15=0x000000001d8d7b20 is an unknown value


Stack: [0x00000000189b0000,0x0000000018ab0000],  sp=0x0000000018aad040,  free space=1012k
Native frames: (J=compiled Java code, j=interpreted, Vv=VM code, C=native code)
V  [jvm.dll+0x53822]
V  [jvm.dll+0x54ed0]
V  [jvm.dll+0xad2e]
V  [jvm.dll+0xb532]
V  [jvm.dll+0xb73a]
V  [jvm.dll+0xe48a]
V  [jvm.dll+0x8f1c]
V  [jvm.dll+0xaa7a]
V  [jvm.dll+0x21a2e]
V  [jvm.dll+0x263d2]
V  [jvm.dll+0x27c79]
V  [jvm.dll+0x28f3a]
V  [jvm.dll+0x29e3c]
V  [jvm.dll+0x2a24b]
V  [jvm.dll+0x2a36e]
V  [jvm.dll+0x13fbe]
V  [jvm.dll+0x42608e]
V  [jvm.dll+0x426f22]
V  [jvm.dll+0x44b71e]
V  [jvm.dll+0x44b942]
V  [jvm.dll+0x44d2e3]
V  [jvm.dll+0x4d793d]
V  [jvm.dll+0x4d0427]
V  [jvm.dll+0x4d07a9]
V  [jvm.dll+0x4d0d3f]
V  [jvm.dll+0x428310]
V  [jvm.dll+0x443fee]
V  [jvm.dll+0x4273d2]
V  [jvm.dll+0x8215f]
V  [jvm.dll+0x82abf]
V  [jvm.dll+0x21db7f]
V  [jvm.dll+0x26f5ba]
C  [msvcr100.dll+0x21d9f]
C  [msvcr100.dll+0x21e3b]
C  [KERNEL32.DLL+0x17bd4]
C  [ntdll.dll+0x6ce51]


Current CompileTask:
C2:4241960 22312       4       org.gradle.api.internal.artifacts.ivyservice.resolveengine.result.DependencyResultSerializer::write (88 bytes)


---------------  P R O C E S S  ---------------

Java Threads: ( => current thread )
  0x000000001d941000 JavaThread "Build operations Thread 8" [_thread_blocked, id=7032, stack(0x0000000025180000,0x0000000025280000)]
  0x000000001d944000 JavaThread "Build operations Thread 7" [_thread_blocked, id=1936, stack(0x0000000024280000,0x0000000024380000)]
  0x000000001d93e000 JavaThread "Build operations Thread 6" [_thread_blocked, id=6164, stack(0x0000000023f80000,0x0000000024080000)]
  0x000000001dda3800 JavaThread "Build operations Thread 5" [_thread_blocked, id=21100, stack(0x0000000023a80000,0x0000000023b80000)]
  0x000000001dda3000 JavaThread "Build operations Thread 4" [_thread_blocked, id=18196, stack(0x0000000022920000,0x0000000022a20000)]
  0x000000001dda4800 JavaThread "Build operations Thread 3" [_thread_blocked, id=17996, stack(0x0000000022820000,0x0000000022920000)]
  0x000000001dda1800 JavaThread "Build operations Thread 2" [_thread_blocked, id=12320, stack(0x00000000216f0000,0x00000000217f0000)]
  0x000000001dda0800 JavaThread "Build operations" [_thread_blocked, id=5660, stack(0x00000000215f0000,0x00000000216f0000)]
  0x000000001dd9f000 JavaThread "Cache worker for cache directory md-rule (C:\Users\Arley Novais\.gradle\caches\5.4.1\md-rule)" [_thread_blocked, id=15012, stack(0x00000000214f0000,0x00000000215f0000)]
  0x000000001dd9e000 JavaThread "Cache worker for cache directory md-supplier (C:\Users\Arley Novais\.gradle\caches\5.4.1\md-supplier)" [_thread_blocked, id=7804, stack(0x00000000213f0000,0x00000000214f0000)]
  0x000000001dd96800 JavaThread "Cache worker for file hash cache (C:\Users\Arley Novais\Desktop\check-student-mobile\CheckApp\.gradle\5.4.1\fileHashes)" [_thread_blocked, id=21472, stack(0x00000000212f0000,0x00000000213f0000)]
  0x000000001dd99000 JavaThread "Thread-278" [_thread_blocked, id=9300, stack(0x0000000020ef0000,0x0000000020ff0000)]
  0x000000001dd98000 JavaThread "Stdin handler" [_thread_blocked, id=5744, stack(0x0000000020df0000,0x0000000020ef0000)]
  0x000000001dd9d800 JavaThread "Asynchronous log dispatcher for DefaultDaemonConnection: socket connection from /127.0.0.1:55254 to /127.0.0.1:55690" [_thread_blocked, id=6300, stack(0x000000001f100000,0x000000001f200000)]
  0x000000001dd9c800 JavaThread "Daemon worker Thread 8" [_thread_blocked, id=4456, stack(0x000000001c460000,0x000000001c560000)]
  0x000000001dd95000 JavaThread "Cancel handler" [_thread_blocked, id=7524, stack(0x000000001c160000,0x000000001c260000)]
  0x000000001dd9c000 JavaThread "Handler for socket connection from /127.0.0.1:55254 to /127.0.0.1:55690" [_thread_in_native, id=18212, stack(0x000000001c060000,0x000000001c160000)]
  0x000000001dd9b000 JavaThread "Daemon Thread 8" [_thread_blocked, id=17064, stack(0x00000000005f0000,0x00000000006f0000)]
  0x0000000019137800 JavaThread "Cache worker for Java compile cache (C:\Users\Arley Novais\.gradle\caches\5.4.1\javaCompile)" [_thread_blocked, id=20448, stack(0x0000000026c30000,0x0000000026d30000)]
  0x000000001d9a6800 JavaThread "Cache worker for file content cache (C:\Users\Arley Novais\.gradle\caches\5.4.1\fileContent)" [_thread_blocked, id=16716, stack(0x0000000025080000,0x0000000025180000)]
  0x000000001d9a7800 JavaThread "Memory manager" [_thread_blocked, id=12036, stack(0x0000000024d80000,0x0000000024e80000)]
  0x000000001d999000 JavaThread "Cache worker for execution history cache (C:\Users\Arley Novais\.gradle\caches\5.4.1\executionHistory)" [_thread_blocked, id=15904, stack(0x0000000020ff0000,0x00000000210f0000)]
  0x0000000019131000 JavaThread "Cache worker for journal cache (C:\Users\Arley Novais\.gradle\caches\journal-1)" [_thread_blocked, id=16636, stack(0x000000001cc60000,0x000000001cd60000)]
  0x0000000019132000 JavaThread "File lock request listener" [_thread_in_native, id=13036, stack(0x000000001cb60000,0x000000001cc60000)]
  0x0000000019f0f000 JavaThread "Cache worker for file hash cache (C:\Users\Arley Novais\.gradle\caches\5.4.1\fileHashes)" [_thread_blocked, id=576, stack(0x000000001ca60000,0x000000001cb60000)]
  0x000000001a285800 JavaThread "Daemon periodic checks" [_thread_blocked, id=3676, stack(0x000000001bf60000,0x000000001c060000)]
  0x000000001a4fb000 JavaThread "Incoming local TCP Connector on port 55254" [_thread_in_native, id=15756, stack(0x000000001b690000,0x000000001b790000)]
  0x000000001a42c000 JavaThread "Daemon health stats" [_thread_blocked, id=11760, stack(0x000000001b7c0000,0x000000001b8c0000)]
  0x000000001805a000 JavaThread "Service Thread" daemon [_thread_blocked, id=15144, stack(0x0000000018cb0000,0x0000000018db0000)]
  0x0000000017fdd000 JavaThread "C1 CompilerThread3" daemon [_thread_blocked, id=8572, stack(0x0000000018bb0000,0x0000000018cb0000)]
  0x0000000017fd9000 JavaThread "C2 CompilerThread2" daemon [_thread_blocked, id=19212, stack(0x0000000018ab0000,0x0000000018bb0000)]
=>0x0000000017fd1000 JavaThread "C2 CompilerThread1" daemon [_thread_in_vm, id=20828, stack(0x00000000189b0000,0x0000000018ab0000)]
  0x0000000017fc9000 JavaThread "C2 CompilerThread0" daemon [_thread_blocked, id=12488, stack(0x00000000188b0000,0x00000000189b0000)]
  0x0000000017fc8000 JavaThread "Attach Listener" daemon [_thread_blocked, id=17892, stack(0x00000000187b0000,0x00000000188b0000)]
  0x0000000017fc7000 JavaThread "Signal Dispatcher" daemon [_thread_blocked, id=2092, stack(0x00000000186b0000,0x00000000187b0000)]
  0x0000000017fc1000 JavaThread "Finalizer" daemon [_thread_blocked, id=11896, stack(0x00000000184a0000,0x00000000185a0000)]
  0x0000000017fc0800 JavaThread "Reference Handler" daemon [_thread_blocked, id=11680, stack(0x00000000183a0000,0x00000000184a0000)]
  0x0000000002302800 JavaThread "main" [_thread_blocked, id=992, stack(0x0000000002200000,0x0000000002300000)]

Other Threads:
  0x00000000161b6800 VMThread [stack: 0x0000000017ea0000,0x0000000017fa0000] [id=21396]
  0x000000001805a800 WatcherThread [stack: 0x0000000018db0000,0x0000000018eb0000] [id=17724]

VM state:synchronizing (normal execution)

VM Mutex/Monitor currently owned by a thread:  ([mutex/lock_event])
[0x000000000099d6e0] Threads_lock - owner thread: 0x00000000161b6800

heap address: 0x00000000a0000000, size: 1536 MB, Compressed Oops mode: 32-bit
Narrow klass base: 0x0000000000000000, Narrow klass shift: 3
Compressed class space size: 1073741824 Address: 0x0000000100000000

Heap:
 PSYoungGen      total 265216K, used 81105K [0x00000000e0000000, 0x00000000f5100000, 0x0000000100000000)
  eden space 205824K, 20% used [0x00000000e0000000,0x00000000e288b098,0x00000000ec900000)
  from space 59392K, 66% used [0x00000000ec900000,0x00000000eefa9460,0x00000000f0300000)
  to   space 59904K, 0% used [0x00000000f1680000,0x00000000f1680000,0x00000000f5100000)
 ParOldGen       total 226304K, used 84684K [0x00000000a0000000, 0x00000000add00000, 0x00000000e0000000)
  object space 226304K, 37% used [0x00000000a0000000,0x00000000a52b3200,0x00000000add00000)
 Metaspace       used 89341K, capacity 93728K, committed 93952K, reserved 1130496K
  class space    used 11376K, capacity 12190K, committed 12288K, reserved 1048576K

Card table byte_map: [0x00000000117c0000,0x0000000011ad0000] byte_map_base: 0x00000000112c0000

Marking Bits: (ParMarkBitMap*) 0x000000005a8a9f30
 Begin Bits: [0x00000000124d0000, 0x0000000013cd0000)
 End Bits:   [0x0000000013cd0000, 0x00000000154d0000)

Polling page: 0x00000000001f0000

CodeCache: size=245760Kb used=62623Kb max_used=62634Kb free=183136Kb
 bounds [0x0000000002400000, 0x0000000006190000, 0x0000000011400000]
 total_blobs=18123 nmethods=17268 adapters=765
 compilation: enabled

Compilation events (10 events):
Event: 4241.313 Thread 0x0000000017fd1000 nmethod 22307 0x000000000617e690 code [0x000000000617e7e0, 0x000000000617e878]
Event: 4241.316 Thread 0x0000000017fc9000 22308       4       org.gradle.api.internal.artifacts.ivyservice.resolveengine.graph.builder.EdgeState::attachToTargetConfigurations (129 bytes)
Event: 4241.317 Thread 0x0000000017fd1000 22309       4       org.gradle.api.internal.artifacts.ivyservice.resolveengine.graph.builder.DefaultPendingDependenciesVisitor::maybeAddAsPendingDependency (60 bytes)
Event: 4241.320 Thread 0x0000000017fd9000 nmethod 22301 0x0000000006184bd0 code [0x0000000006184e40, 0x0000000006186448]
Event: 4241.320 Thread 0x0000000017fd9000 22310       4       org.gradle.api.internal.artifacts.ivyservice.resolveengine.graph.builder.ResolveState::peek (29 bytes)
Event: 4241.321 Thread 0x0000000017fd9000 nmethod 22310 0x0000000004050210 code [0x0000000004050360, 0x0000000004050478]
Event: 4241.321 Thread 0x0000000017fd9000 22311       4       com.google.common.collect.RegularImmutableList::copyIntoArray (21 bytes)
Event: 4241.323 Thread 0x0000000017fd1000 nmethod 22309 0x0000000006182210 code [0x00000000061823c0, 0x0000000006182838]
Event: 4241.323 Thread 0x0000000017fd1000 22312       4       org.gradle.api.internal.artifacts.ivyservice.resolveengine.result.DependencyResultSerializer::write (88 bytes)
Event: 4241.324 Thread 0x0000000017fd9000 nmethod 22311 0x0000000006181dd0 code [0x0000000006181f20, 0x00000000061820f8]

GC Heap History (10 events):
Event: 2955.384 GC heap before
{Heap before GC invocations=37 (full 4):
 PSYoungGen      total 227328K, used 209897K [0x00000000e0000000, 0x00000000f1580000, 0x0000000100000000)
  eden space 178688K, 100% used [0x00000000e0000000,0x00000000eae80000,0x00000000eae80000)
  from space 48640K, 64% used [0x00000000ee600000,0x00000000f047a420,0x00000000f1580000)
  to   space 52736K, 0% used [0x00000000eae80000,0x00000000eae80000,0x00000000ee200000)
 ParOldGen       total 226304K, used 84660K [0x00000000a0000000, 0x00000000add00000, 0x00000000e0000000)
  object space 226304K, 37% used [0x00000000a0000000,0x00000000a52ad200,0x00000000add00000)
 Metaspace       used 87979K, capacity 91602K, committed 92544K, reserved 1130496K
  class space    used 11251K, capacity 11959K, committed 12160K, reserved 1048576K
Event: 2955.412 GC heap after
Heap after GC invocations=37 (full 4):
 PSYoungGen      total 231424K, used 31776K [0x00000000e0000000, 0x00000000f2300000, 0x0000000100000000)
  eden space 178688K, 0% used [0x00000000e0000000,0x00000000e0000000,0x00000000eae80000)
  from space 52736K, 60% used [0x00000000eae80000,0x00000000ecd88288,0x00000000ee200000)
  to   space 52224K, 0% used [0x00000000ef000000,0x00000000ef000000,0x00000000f2300000)
 ParOldGen       total 226304K, used 84668K [0x00000000a0000000, 0x00000000add00000, 0x00000000e0000000)
  object space 226304K, 37% used [0x00000000a0000000,0x00000000a52af200,0x00000000add00000)
 Metaspace       used 87979K, capacity 91602K, committed 92544K, reserved 1130496K
  class space    used 11251K, capacity 11959K, committed 12160K, reserved 1048576K
}
Event: 2957.038 GC heap before
{Heap before GC invocations=38 (full 4):
 PSYoungGen      total 231424K, used 210464K [0x00000000e0000000, 0x00000000f2300000, 0x0000000100000000)
  eden space 178688K, 100% used [0x00000000e0000000,0x00000000eae80000,0x00000000eae80000)
  from space 52736K, 60% used [0x00000000eae80000,0x00000000ecd88288,0x00000000ee200000)
  to   space 52224K, 0% used [0x00000000ef000000,0x00000000ef000000,0x00000000f2300000)
 ParOldGen       total 226304K, used 84668K [0x00000000a0000000, 0x00000000add00000, 0x00000000e0000000)
  object space 226304K, 37% used [0x00000000a0000000,0x00000000a52af200,0x00000000add00000)
 Metaspace       used 88209K, capacity 91848K, committed 92544K, reserved 1130496K
  class space    used 11255K, capacity 11966K, committed 12160K, reserved 1048576K
Event: 2957.076 GC heap after
Heap after GC invocations=38 (full 4):
 PSYoungGen      total 243200K, used 41472K [0x00000000e0000000, 0x00000000f2c80000, 0x0000000100000000)
  eden space 190976K, 0% used [0x00000000e0000000,0x00000000e0000000,0x00000000eba80000)
  from space 52224K, 79% used [0x00000000ef000000,0x00000000f18802d0,0x00000000f2300000)
  to   space 54784K, 0% used [0x00000000eba80000,0x00000000eba80000,0x00000000ef000000)
 ParOldGen       total 226304K, used 84668K [0x00000000a0000000, 0x00000000add00000, 0x00000000e0000000)
  object space 226304K, 37% used [0x00000000a0000000,0x00000000a52af200,0x00000000add00000)
 Metaspace       used 88209K, capacity 91848K, committed 92544K, reserved 1130496K
  class space    used 11255K, capacity 11966K, committed 12160K, reserved 1048576K
}
Event: 3424.817 GC heap before
{Heap before GC invocations=39 (full 4):
 PSYoungGen      total 243200K, used 232448K [0x00000000e0000000, 0x00000000f2c80000, 0x0000000100000000)
  eden space 190976K, 100% used [0x00000000e0000000,0x00000000eba80000,0x00000000eba80000)
  from space 52224K, 79% used [0x00000000ef000000,0x00000000f18802d0,0x00000000f2300000)
  to   space 54784K, 0% used [0x00000000eba80000,0x00000000eba80000,0x00000000ef000000)
 ParOldGen       total 226304K, used 84668K [0x00000000a0000000, 0x00000000add00000, 0x00000000e0000000)
  object space 226304K, 37% used [0x00000000a0000000,0x00000000a52af200,0x00000000add00000)
 Metaspace       used 88390K, capacity 92012K, committed 92800K, reserved 1130496K
  class space    used 11258K, capacity 11972K, committed 12160K, reserved 1048576K
Event: 3424.846 GC heap after
Heap after GC invocations=39 (full 4):
 PSYoungGen      total 245760K, used 51711K [0x00000000e0000000, 0x00000000f4280000, 0x0000000100000000)
  eden space 190976K, 0% used [0x00000000e0000000,0x00000000e0000000,0x00000000eba80000)
  from space 54784K, 94% used [0x00000000eba80000,0x00000000eecffcd8,0x00000000ef000000)
  to   space 60928K, 0% used [0x00000000f0700000,0x00000000f0700000,0x00000000f4280000)
 ParOldGen       total 226304K, used 84676K [0x00000000a0000000, 0x00000000add00000, 0x00000000e0000000)
  object space 226304K, 37% used [0x00000000a0000000,0x00000000a52b1200,0x00000000add00000)
 Metaspace       used 88390K, capacity 92012K, committed 92800K, reserved 1130496K
  class space    used 11258K, capacity 11972K, committed 12160K, reserved 1048576K
}
Event: 3675.838 GC heap before
{Heap before GC invocations=40 (full 4):
 PSYoungGen      total 245760K, used 242687K [0x00000000e0000000, 0x00000000f4280000, 0x0000000100000000)
  eden space 190976K, 100% used [0x00000000e0000000,0x00000000eba80000,0x00000000eba80000)
  from space 54784K, 94% used [0x00000000eba80000,0x00000000eecffcd8,0x00000000ef000000)
  to   space 60928K, 0% used [0x00000000f0700000,0x00000000f0700000,0x00000000f4280000)
 ParOldGen       total 226304K, used 84676K [0x00000000a0000000, 0x00000000add00000, 0x00000000e0000000)
  object space 226304K, 37% used [0x00000000a0000000,0x00000000a52b1200,0x00000000add00000)
 Metaspace       used 88822K, capacity 92682K, committed 93056K, reserved 1130496K
  class space    used 11294K, capacity 12039K, committed 12160K, reserved 1048576K
Event: 3675.863 GC heap after
Heap after GC invocations=40 (full 4):
 PSYoungGen      total 261120K, used 35514K [0x00000000e0000000, 0x00000000f3d00000, 0x0000000100000000)
  eden space 205824K, 0% used [0x00000000e0000000,0x00000000e0000000,0x00000000ec900000)
  from space 55296K, 64% used [0x00000000f0700000,0x00000000f29ae850,0x00000000f3d00000)
  to   space 59392K, 0% used [0x00000000ec900000,0x00000000ec900000,0x00000000f0300000)
 ParOldGen       total 226304K, used 84684K [0x00000000a0000000, 0x00000000add00000, 0x00000000e0000000)
  object space 226304K, 37% used [0x00000000a0000000,0x00000000a52b3200,0x00000000add00000)
 Metaspace       used 88822K, capacity 92682K, committed 93056K, reserved 1130496K
  class space    used 11294K, capacity 12039K, committed 12160K, reserved 1048576K
}
Event: 3677.666 GC heap before
{Heap before GC invocations=41 (full 4):
 PSYoungGen      total 261120K, used 241338K [0x00000000e0000000, 0x00000000f3d00000, 0x0000000100000000)
  eden space 205824K, 100% used [0x00000000e0000000,0x00000000ec900000,0x00000000ec900000)
  from space 55296K, 64% used [0x00000000f0700000,0x00000000f29ae850,0x00000000f3d00000)
  to   space 59392K, 0% used [0x00000000ec900000,0x00000000ec900000,0x00000000f0300000)
 ParOldGen       total 226304K, used 84684K [0x00000000a0000000, 0x00000000add00000, 0x00000000e0000000)
  object space 226304K, 37% used [0x00000000a0000000,0x00000000a52b3200,0x00000000add00000)
 Metaspace       used 89148K, capacity 93442K, committed 93568K, reserved 1130496K
  class space    used 11351K, capacity 12143K, committed 12160K, reserved 1048576K
Event: 3677.696 GC heap after
Heap after GC invocations=41 (full 4):
 PSYoungGen      total 265216K, used 39589K [0x00000000e0000000, 0x00000000f5100000, 0x0000000100000000)
  eden space 205824K, 0% used [0x00000000e0000000,0x00000000e0000000,0x00000000ec900000)
  from space 59392K, 66% used [0x00000000ec900000,0x00000000eefa9460,0x00000000f0300000)
  to   space 59904K, 0% used [0x00000000f1680000,0x00000000f1680000,0x00000000f5100000)
 ParOldGen       total 226304K, used 84684K [0x00000000a0000000, 0x00000000add00000, 0x00000000e0000000)
  object space 226304K, 37% used [0x00000000a0000000,0x00000000a52b3200,0x00000000add00000)
 Metaspace       used 89148K, capacity 93442K, committed 93568K, reserved 1130496K
  class space    used 11351K, capacity 12143K, committed 12160K, reserved 1048576K
}

Deoptimization events (10 events):
Event: 3424.915 Thread 0x000000001d945000 Uncommon trap: reason=speculate_class_check action=maybe_recompile pc=0x0000000004f2172c method=com.sun.tools.javac.code.Types$SameTypeVisitor.visitClassType(Lcom/sun/tools/javac/code/Type$ClassType;Lcom/sun/tools/javac/code/Type;)Ljava/lang/Boolean; @ 32
Event: 3675.661 Thread 0x000000001d9a2000 Uncommon trap: reason=unstable_if action=reinterpret pc=0x000000000390c9f0 method=com.esotericsoftware.kryo.io.Output.writeVarLong(JZ)I @ 55
Event: 3676.493 Thread 0x000000001d99e000 Uncommon trap: reason=array_check action=maybe_recompile pc=0x0000000005e9fc24 method=java.util.ComparableTimSort.mergeLo(IIII)V @ 81
Event: 3676.493 Thread 0x000000001d99e000 Uncommon trap: reason=array_check action=maybe_recompile pc=0x0000000005e9fc24 method=java.util.ComparableTimSort.mergeLo(IIII)V @ 81
Event: 3676.493 Thread 0x000000001d99e000 Uncommon trap: reason=array_check action=maybe_recompile pc=0x0000000005e9fc24 method=java.util.ComparableTimSort.mergeLo(IIII)V @ 81
Event: 3676.493 Thread 0x000000001d99e000 Uncommon trap: reason=array_check action=maybe_recompile pc=0x0000000005e9fc24 method=java.util.ComparableTimSort.mergeLo(IIII)V @ 81
Event: 3676.493 Thread 0x000000001d99e000 Uncommon trap: reason=array_check action=maybe_recompile pc=0x00000000057ffbf0 method=java.util.ComparableTimSort.mergeLo(IIII)V @ 207
Event: 3676.494 Thread 0x000000001d99e000 Uncommon trap: reason=array_check action=maybe_recompile pc=0x00000000057ffc40 method=java.util.ComparableTimSort.mergeLo(IIII)V @ 240
Event: 3676.494 Thread 0x000000001d99e000 Uncommon trap: reason=array_check action=maybe_recompile pc=0x00000000057ffbf0 method=java.util.ComparableTimSort.mergeLo(IIII)V @ 207
Event: 3676.658 Thread 0x000000001d99e000 Uncommon trap: reason=speculate_class_check action=maybe_recompile pc=0x0000000004f2172c method=com.sun.tools.javac.code.Types$SameTypeVisitor.visitClassType(Lcom/sun/tools/javac/code/Type$ClassType;Lcom/sun/tools/javac/code/Type;)Ljava/lang/Boolean; @ 32

Classes redefined (0 events):
No events

Internal exceptions (10 events):
Event: 3677.446 Thread 0x000000001d94c800 Exception <a 'sun/nio/fs/WindowsException'> (0x00000000eaa15b08) thrown at [D:\src\AOSP-openjdk-cygwin\jdk8u\hotspot\src\share\vm\prims\jni.cpp, line 710]
Event: 3677.480 Thread 0x000000001d94c800 Exception <a 'sun/nio/fs/WindowsException'> (0x00000000eb1bd468) thrown at [D:\src\AOSP-openjdk-cygwin\jdk8u\hotspot\src\share\vm\prims\jni.cpp, line 710]
Event: 3677.505 Thread 0x000000001d94c800 Exception <a 'sun/nio/fs/WindowsException'> (0x00000000eb21d850) thrown at [D:\src\AOSP-openjdk-cygwin\jdk8u\hotspot\src\share\vm\prims\jni.cpp, line 710]
Event: 3677.506 Thread 0x000000001d94c800 Exception <a 'sun/nio/fs/WindowsException'> (0x00000000eb2a72b0) thrown at [D:\src\AOSP-openjdk-cygwin\jdk8u\hotspot\src\share\vm\prims\jni.cpp, line 710]
Event: 3677.507 Thread 0x000000001d94c800 Exception <a 'sun/nio/fs/WindowsException'> (0x00000000eb2affc0) thrown at [D:\src\AOSP-openjdk-cygwin\jdk8u\hotspot\src\share\vm\prims\jni.cpp, line 710]
Event: 3677.508 Thread 0x000000001d94c800 Exception <a 'sun/nio/fs/WindowsException'> (0x00000000eb2b9d30) thrown at [D:\src\AOSP-openjdk-cygwin\jdk8u\hotspot\src\share\vm\prims\jni.cpp, line 710]
Event: 3677.508 Thread 0x000000001d94c800 Exception <a 'sun/nio/fs/WindowsException'> (0x00000000eb380d10) thrown at [D:\src\AOSP-openjdk-cygwin\jdk8u\hotspot\src\share\vm\prims\jni.cpp, line 710]
Event: 3677.661 Thread 0x000000001dd95000 Exception <a 'sun/nio/fs/WindowsException'> (0x00000000ec312798) thrown at [D:\src\AOSP-openjdk-cygwin\jdk8u\hotspot\src\share\vm\prims\jni.cpp, line 710]
Event: 3677.760 Thread 0x000000001dd96800 Exception <a 'sun/nio/fs/WindowsException'> (0x00000000e0d765f8) thrown at [D:\src\AOSP-openjdk-cygwin\jdk8u\hotspot\src\share\vm\prims\jni.cpp, line 710]
Event: 3677.914 Thread 0x000000001d99e000 Exception <a 'sun/nio/fs/WindowsException'> (0x00000000e1b477c8) thrown at [D:\src\AOSP-openjdk-cygwin\jdk8u\hotspot\src\share\vm\prims\jni.cpp, line 710]

Events (10 events):
Event: 4241.288 Thread 0x000000001dd9f000 Thread added: 0x000000001dd9f000
Event: 4241.324 Thread 0x000000001dda0800 Thread added: 0x000000001dda0800
Event: 4241.324 Thread 0x000000001dda1800 Thread added: 0x000000001dda1800
Event: 4241.324 Thread 0x000000001dda4800 Thread added: 0x000000001dda4800
Event: 4241.324 Thread 0x000000001dda3000 Thread added: 0x000000001dda3000
Event: 4241.324 Thread 0x000000001dda3800 Thread added: 0x000000001dda3800
Event: 4241.325 Thread 0x000000001d93e000 Thread added: 0x000000001d93e000
Event: 4241.325 Thread 0x000000001d944000 Thread added: 0x000000001d944000
Event: 4241.325 Thread 0x000000001d941000 Thread added: 0x000000001d941000
Event: 4241.325 Executing VM operation: RevokeBias


Dynamic libraries:
0x00007ff7006a0000 - 0x00007ff7006d1000 	C:\Program Files\Android\Android Studio\jre\bin\java.exe
0x00007ffcd50e0000 - 0x00007ffcd52d0000 	C:\WINDOWS\SYSTEM32\ntdll.dll
0x00007ffcd3ac0000 - 0x00007ffcd3b72000 	C:\WINDOWS\System32\KERNEL32.DLL
0x00007ffcd20f0000 - 0x00007ffcd2393000 	C:\WINDOWS\System32\KERNELBASE.dll
0x00007ffcd3800000 - 0x00007ffcd38a3000 	C:\WINDOWS\System32\ADVAPI32.dll
0x00007ffcd40e0000 - 0x00007ffcd417e000 	C:\WINDOWS\System32\msvcrt.dll
0x00007ffcd3a20000 - 0x00007ffcd3ab7000 	C:\WINDOWS\System32\sechost.dll
0x00007ffcd33f0000 - 0x00007ffcd3510000 	C:\WINDOWS\System32\RPCRT4.dll
0x00007ffcd3510000 - 0x00007ffcd36a4000 	C:\WINDOWS\System32\USER32.dll
0x00007ffcd2070000 - 0x00007ffcd2091000 	C:\WINDOWS\System32\win32u.dll
0x00007ffcd4730000 - 0x00007ffcd4756000 	C:\WINDOWS\System32\GDI32.dll
0x00007ffcd2500000 - 0x00007ffcd2694000 	C:\WINDOWS\System32\gdi32full.dll
0x00007ffcd30f0000 - 0x00007ffcd318e000 	C:\WINDOWS\System32\msvcp_win.dll
0x00007ffcd2400000 - 0x00007ffcd24fa000 	C:\WINDOWS\System32\ucrtbase.dll
0x00007ffcc3390000 - 0x00007ffcc3615000 	C:\WINDOWS\WinSxS\amd64_microsoft.windows.common-controls_6595b64144ccf1df_6.0.18362.778_none_e6c6b761130d4fb8\COMCTL32.dll
0x00007ffcd3bf0000 - 0x00007ffcd3f26000 	C:\WINDOWS\System32\combase.dll
0x00007ffcd28a0000 - 0x00007ffcd2920000 	C:\WINDOWS\System32\bcryptPrimitives.dll
0x00007ffcd38b0000 - 0x00007ffcd38de000 	C:\WINDOWS\System32\IMM32.DLL
0x0000000059f20000 - 0x0000000059ff2000 	C:\Program Files\Android\Android Studio\jre\jre\bin\msvcr100.dll
0x000000005a0e0000 - 0x000000005a926000 	C:\Program Files\Android\Android Studio\jre\jre\bin\server\jvm.dll
0x00007ffcd3360000 - 0x00007ffcd3368000 	C:\WINDOWS\System32\PSAPI.DLL
0x00007ffcc3cb0000 - 0x00007ffcc3cd4000 	C:\WINDOWS\SYSTEM32\WINMM.dll
0x00007ffccd920000 - 0x00007ffccd92a000 	C:\WINDOWS\SYSTEM32\VERSION.dll
0x00007ffccecb0000 - 0x00007ffccecb9000 	C:\WINDOWS\SYSTEM32\WSOCK32.dll
0x00007ffcd39b0000 - 0x00007ffcd3a1f000 	C:\WINDOWS\System32\WS2_32.dll
0x00007ffcc6760000 - 0x00007ffcc678d000 	C:\WINDOWS\SYSTEM32\winmmbase.dll
0x00007ffcd2920000 - 0x00007ffcd296a000 	C:\WINDOWS\System32\cfgmgr32.dll
0x00007ffcceca0000 - 0x00007ffccecaf000 	C:\Program Files\Android\Android Studio\jre\jre\bin\verify.dll
0x00007ffccb790000 - 0x00007ffccb7b9000 	C:\Program Files\Android\Android Studio\jre\jre\bin\java.dll
0x00007ffcca070000 - 0x00007ffcca086000 	C:\Program Files\Android\Android Studio\jre\jre\bin\zip.dll
0x00007ffcd47c0000 - 0x00007ffcd4ea5000 	C:\WINDOWS\System32\SHELL32.dll
0x00007ffcd3750000 - 0x00007ffcd37f9000 	C:\WINDOWS\System32\shcore.dll
0x00007ffcd2970000 - 0x00007ffcd30f0000 	C:\WINDOWS\System32\windows.storage.dll
0x00007ffcd1ff0000 - 0x00007ffcd2013000 	C:\WINDOWS\System32\profapi.dll
0x00007ffcd2020000 - 0x00007ffcd206a000 	C:\WINDOWS\System32\powrprof.dll
0x00007ffcd1fa0000 - 0x00007ffcd1fb0000 	C:\WINDOWS\System32\UMPDC.dll
0x00007ffcd4600000 - 0x00007ffcd4652000 	C:\WINDOWS\System32\shlwapi.dll
0x00007ffcd1fb0000 - 0x00007ffcd1fc1000 	C:\WINDOWS\System32\kernel.appcore.dll
0x00007ffcd20d0000 - 0x00007ffcd20e7000 	C:\WINDOWS\System32\cryptsp.dll
0x00007ffcbb680000 - 0x00007ffcbb69a000 	C:\Program Files\Android\Android Studio\jre\jre\bin\net.dll
0x00007ffcd17b0000 - 0x00007ffcd1817000 	C:\WINDOWS\system32\mswsock.dll
0x00007ffcb6120000 - 0x00007ffcb6131000 	C:\Program Files\Android\Android Studio\jre\jre\bin\nio.dll
0x00007ffca3bf0000 - 0x00007ffca3c16000 	C:\Users\Arley Novais\.gradle\native\29\windows-amd64\native-platform.dll
0x00007ffcca060000 - 0x00007ffcca06d000 	C:\Program Files\Android\Android Studio\jre\jre\bin\management.dll
0x00007ffcd1320000 - 0x00007ffcd1353000 	C:\WINDOWS\system32\rsaenh.dll
0x00007ffcd20a0000 - 0x00007ffcd20c6000 	C:\WINDOWS\System32\bcrypt.dll
0x00007ffcd1ec0000 - 0x00007ffcd1ee5000 	C:\WINDOWS\SYSTEM32\USERENV.dll
0x00007ffcd1980000 - 0x00007ffcd198c000 	C:\WINDOWS\SYSTEM32\CRYPTBASE.dll
0x00007ffcd14c0000 - 0x00007ffcd14fa000 	C:\WINDOWS\SYSTEM32\IPHLPAPI.DLL
0x00007ffcd4180000 - 0x00007ffcd4188000 	C:\WINDOWS\System32\NSI.dll
0x00007ffccc7a0000 - 0x00007ffccc7b6000 	C:\WINDOWS\SYSTEM32\dhcpcsvc6.DLL
0x00007ffccd160000 - 0x00007ffccd17c000 	C:\WINDOWS\SYSTEM32\dhcpcsvc.DLL
0x00007ffcd1500000 - 0x00007ffcd15ca000 	C:\WINDOWS\SYSTEM32\DNSAPI.dll
0x00007ffccbe50000 - 0x00007ffccc044000 	C:\WINDOWS\SYSTEM32\dbghelp.dll

VM Arguments:
jvm_args: -Xmx1536m -Dfile.encoding=windows-1252 -Duser.country=BR -Duser.language=pt -Duser.variant 
java_command: org.gradle.launcher.daemon.bootstrap.GradleDaemon 5.4.1
java_class_path (initial): C:\Users\Arley Novais\.gradle\wrapper\dists\gradle-5.4.1-all\3221gyojl5jsh0helicew7rwx\gradle-5.4.1\lib\gradle-launcher-5.4.1.jar
Launcher Type: SUN_STANDARD

Environment Variables:
JAVA_HOME=C:\Program Files\Java\jdk1.8.0_211
CLASSPATH=.;
PATH=C:\Python27\;C:\Python27\Scripts;C:\Program Files (x86)\Common Files\Oracle\Java\javapath;C:\Program Files (x86)\Intel\iCLS Client\;C:\Program Files\Intel\iCLS Client\;C:\windows\system32;C:\windows;C:\windows\System32\Wbem;C:\windows\System32\WindowsPowerShell\v1.0\;C:\Program Files (x86)\NVIDIA Corporation\PhysX\Common;C:\Program Files (x86)\Intel\Intel(R) Management Engine Components\DAL;C:\Program Files\Intel\Intel(R) Management Engine Components\DAL;C:\Program Files (x86)\Intel\Intel(R) Management Engine Components\IPT;C:\Program Files\Intel\Intel(R) Management Engine Components\IPT;C:\WINDOWS\system32;C:\WINDOWS;C:\WINDOWS\System32\Wbem;C:\WINDOWS\System32\WindowsPowerShell\v1.0\;C:\WINDOWS\System32\OpenSSH\;C:\Program Files\Java\jdk1.8.0_191\bin;C:\Program Files (x86)\IVI Foundation\VISA\WinNT\Bin;C:\Program Files\Git\cmd;C:\ProgramData\chocolatey\bin;C:\Program Files (x86)\Yarn\bin\;C:\Program Files (x86)\GtkSharp\2.12\bin;C:\Program Files\Java\jdk1.8.0_211\bin;C:\Program Files\nodejs\;C:\Android\tools\bin\platform-tools;C:\Users\Arley Novais\AppData\Local\Microsoft\WindowsApps;C:\Users\Arley Novais\AppData\Local\Programs\Microsoft VS Code\bin;C:\Users\Arley Novais\AppData\Local\Yarn\bin;C:\Users\Arley Novais\AppData\Roaming\npm
USERNAME=Arley Novais
OS=Windows_NT
PROCESSOR_IDENTIFIER=Intel64 Family 6 Model 158 Stepping 9, GenuineIntel



---------------  S Y S T E M  ---------------

OS: Windows 10.0 , 64 bit Build 18362 (10.0.18362.778)

CPU:total 8 (initial active 8) (4 cores per cpu, 2 threads per core) family 6 model 158 stepping 9, cmov, cx8, fxsr, mmx, sse, sse2, sse3, ssse3, sse4.1, sse4.2, popcnt, avx, avx2, aes, clmul, erms, 3dnowpref, lzcnt, ht, tsc, tscinvbit, bmi1, bmi2, adx

Memory: 4k page, physical 8300000k(1059012k free), swap 16958884k(2090440k free)

vm_info: OpenJDK 64-Bit Server VM (25.202-b03) for windows-amd64 JRE (1.8.0_202-release-1483-b03), built by "builder" with MS VC++ 10.0 (VS2010)

time: Tue Apr 21 20:43:24 2020
timezone: Hora Padrão de Caracas
elapsed time: 4242 seconds (0d 1h 10m 42s)

